<?xml version="1.0" encoding="UTF-8"?>
<!-- Generated by org.testng.reporters.JUnitReportReporter -->
<testsuite hostname="DESKTOP-GQP27F9" failures="0" tests="1" name="testpackage.FbLoginTest" time="0.351" errors="0" timestamp="2025-01-09T18:08:03 IST" skipped="0">
  <testcase classname="testpackage.FbLoginTest" name="testLogin" time="0.351"/>
  <system-out/>
</testsuite> <!-- testpackage.FbLoginTest -->
