<?xml version="1.0" encoding="UTF-8"?>
<!-- Generated by org.testng.reporters.JUnitReportReporter -->
<testsuite hostname="DESKTOP-GQP27F9" failures="0" tests="3" name="testngpackage.CrossBrowserTesting" time="9.779" errors="0" timestamp="2024-12-23T15:54:50 IST" skipped="0">
  <testcase classname="testngpackage.CrossBrowserTesting" name="test" time="2.853"/>
  <system-out/>
  <testcase classname="testngpackage.CrossBrowserTesting" name="test" time="4.280"/>
  <system-out/>
  <testcase classname="testngpackage.CrossBrowserTesting" name="test" time="2.646"/>
  <system-out/>
</testsuite> <!-- testngpackage.CrossBrowserTesting -->
