<?xml version="1.0" encoding="UTF-8"?>
<!-- Generated by org.testng.reporters.JUnitReportReporter -->
<testsuite hostname="DESKTOP-GQP27F9" failures="0" tests="1" name="testngpackage.HardAssertion" time="0.166" errors="0" timestamp="2025-01-02T11:24:44 IST" skipped="0">
  <testcase classname="testngpackage.HardAssertion" name="titleVerifcn" time="0.166"/>
  <system-out/>
</testsuite> <!-- testngpackage.HardAssertion -->
