<?xml version="1.0" encoding="UTF-8"?>
<!-- Generated by org.testng.reporters.JUnitReportReporter -->
<testsuite hostname="DESKTOP-GQP27F9" failures="0" tests="1" name="testngpackage.DragNDrop" time="0.753" errors="0" timestamp="2024-12-24T11:34:01 IST" skipped="0">
  <testcase classname="testngpackage.DragNDrop" name="dragNDrop" time="0.753"/>
  <system-out/>
</testsuite> <!-- testngpackage.DragNDrop -->
