<?xml version="1.0" encoding="UTF-8"?>
<!-- Generated by org.testng.reporters.JUnitReportReporter -->
<testsuite hostname="DESKTOP-GQP27F9" failures="0" tests="1" name="testngpackage.ActionsCopyPastePgm" time="0.610" errors="0" timestamp="2024-12-17T14:23:25 IST" skipped="0">
  <testcase classname="testngpackage.ActionsCopyPastePgm" name="actnsMeth" time="0.610"/>
  <system-out/>
</testsuite> <!-- testngpackage.ActionsCopyPastePgm -->
