<?xml version="1.0" encoding="UTF-8"?>
<!-- Generated by org.testng.reporters.JUnitReportReporter -->
<testsuite hostname="DESKTOP-GQP27F9" failures="0" tests="1" name="testngpackage.Parameterisation" time="0.012" errors="0" timestamp="2024-12-23T14:18:41 IST" skipped="0">
  <testcase classname="testngpackage.Parameterisation" name="para" time="0.012"/>
  <system-out/>
</testsuite> <!-- testngpackage.Parameterisation -->
