<?xml version="1.0" encoding="UTF-8"?>
<!-- Generated by org.testng.reporters.JUnitReportReporter -->
<testsuite hostname="DESKTOP-GQP27F9" failures="0" tests="3" name="testngpackage.FirstPgm" time="0.081" errors="0" timestamp="2024-12-16T14:38:44 IST" skipped="0">
  <testcase classname="testngpackage.FirstPgm" name="test1" time="0.057"/>
  <system-out/>
  <testcase classname="testngpackage.FirstPgm" name="test3" time="0.011"/>
  <system-out/>
  <testcase classname="testngpackage.FirstPgm" name="test2" time="0.013"/>
  <system-out/>
</testsuite> <!-- testngpackage.FirstPgm -->
