<?xml version="1.0" encoding="UTF-8"?>
<!-- Generated by org.testng.reporters.JUnitReportReporter -->
<testsuite hostname="DESKTOP-GQP27F9" failures="0" tests="1" name="testngpackage.Task1" time="4.519" errors="0" timestamp="2025-01-31T19:25:14 IST" skipped="0">
  <testcase classname="testngpackage.Task1" name="actionsMethod" time="4.519"/>
  <system-out/>
</testsuite> <!-- testngpackage.Task1 -->
