<?xml version="1.0" encoding="UTF-8"?>
<!-- Generated by org.testng.reporters.JUnitReportReporter -->
<testsuite hostname="DESKTOP-GQP27F9" failures="0" tests="2" name="testngpackage.Rediff" time="0.154" errors="0" timestamp="2024-12-17T13:26:44 IST" skipped="0">
  <testcase classname="testngpackage.Rediff" name="logoVerfcn" time="0.130"/>
  <system-out/>
  <testcase classname="testngpackage.Rediff" name="titleVerfcn" time="0.024"/>
  <system-out/>
</testsuite> <!-- testngpackage.Rediff -->
