<?xml version="1.0" encoding="UTF-8"?>
<!-- Generated by org.testng.reporters.JUnitReportReporter -->
<testsuite hostname="DESKTOP-GQP27F9" failures="0" tests="1" name="testngpackage.DataDrivenTest" time="19.766" errors="0" timestamp="2025-01-04T13:15:18 IST" skipped="0">
  <testcase classname="testngpackage.DataDrivenTest" name="dataDrivenTest" time="19.766"/>
  <system-out/>
</testsuite> <!-- testngpackage.DataDrivenTest -->
