<?xml version="1.0" encoding="UTF-8"?>
<!-- Generated by org.testng.reporters.JUnitReportReporter -->
<testsuite hostname="DESKTOP-GQP27F9" failures="0" tests="1" name="testngpackage.MoveToElementEbay" time="4.671" errors="0" timestamp="2024-12-24T16:59:42 IST" skipped="0">
  <testcase classname="testngpackage.MoveToElementEbay" name="moveToElement" time="4.671"/>
  <system-out/>
</testsuite> <!-- testngpackage.MoveToElementEbay -->
