<?xml version="1.0" encoding="UTF-8"?>
<!-- Generated by org.testng.reporters.JUnitReportReporter -->
<testsuite hostname="DESKTOP-GQP27F9" failures="0" tests="1" name="testngpackage.SoftAssertion" time="1.701" errors="0" timestamp="2025-01-02T11:14:50 IST" skipped="0">
  <testcase classname="testngpackage.SoftAssertion" name="softAssert" time="1.701"/>
  <system-out/>
</testsuite> <!-- testngpackage.SoftAssertion -->
