<?xml version="1.0" encoding="UTF-8"?>
<!-- Generated by org.testng.reporters.JUnitReportReporter -->
<testsuite hostname="DESKTOP-GQP27F9" failures="0" tests="1" name="testngpackage.DatePickerPgm" time="0.497" errors="0" timestamp="2024-12-24T16:42:16 IST" skipped="0">
  <testcase classname="testngpackage.DatePickerPgm" name="datePicktest" time="0.497"/>
  <system-out/>
</testsuite> <!-- testngpackage.DatePickerPgm -->
