<?xml version="1.0" encoding="UTF-8"?>
<!-- Generated by org.testng.reporters.JUnitReportReporter -->
<testsuite hostname="DESKTOP-GQP27F9" failures="0" tests="1" name="testngpackage.WindowHandlingPg" time="1.229" errors="0" timestamp="2025-01-31T19:35:09 IST" skipped="0">
  <testcase classname="testngpackage.WindowHandlingPg" name="windowHandling" time="1.229"/>
  <system-out/>
</testsuite> <!-- testngpackage.WindowHandlingPg -->
