<?xml version="1.0" encoding="UTF-8"?>
<!-- Generated by org.testng.reporters.JUnitReportReporter -->
<testsuite hostname="DESKTOP-GQP27F9" failures="0" tests="1" name="testpackage.TestClassKeralaProperty" time="16.550" errors="0" timestamp="2025-02-01T13:22:03 IST" skipped="0">
  <testcase classname="testpackage.TestClassKeralaProperty" name="keralaProperty" time="16.550"/>
</testsuite> <!-- testpackage.TestClassKeralaProperty -->
