<?xml version="1.0" encoding="UTF-8"?>
<!-- Generated by org.testng.reporters.JUnitReportReporter -->
<testsuite hostname="DESKTOP-GQP27F9" failures="0" tests="1" name="testpackage.LumaTest" time="60.170" errors="0" timestamp="2025-02-05T10:48:59 IST" skipped="0">
  <testcase classname="testpackage.LumaTest" name="luma" time="60.170"/>
</testsuite> <!-- testpackage.LumaTest -->
